<?xml version="1.0" encoding="UTF-8"?>
<coverage generated="1637068427242" clover="3.2.0">
  <project timestamp="1637068427243" name="All files">
    <metrics statements="8" coveredstatements="8" conditionals="2" coveredconditionals="2" methods="6" coveredmethods="6" elements="16" coveredelements="16" complexity="0" loc="8" ncloc="8" packages="1" files="2" classes="2"/>
    <file name="compact.js" path="D:\proyectos\bedu\jest\sesion1\compact.js">
      <metrics statements="4" coveredstatements="4" conditionals="2" coveredconditionals="2" methods="2" coveredmethods="2"/>
      <line num="1" count="1" type="stmt"/>
      <line num="2" count="2" type="cond" truecount="2" falsecount="0"/>
      <line num="3" count="1" type="stmt"/>
      <line num="4" count="5" type="stmt"/>
    </file>
    <file name="operators.js" path="D:\proyectos\bedu\jest\sesion1\operators.js">
      <metrics statements="4" coveredstatements="4" conditionals="0" coveredconditionals="0" methods="4" coveredmethods="4"/>
      <line num="1" count="2" type="stmt"/>
      <line num="2" count="1" type="stmt"/>
      <line num="3" count="1" type="stmt"/>
      <line num="4" count="1" type="stmt"/>
    </file>
  </project>
</coverage>
