{"D:\\proyectos\\bedu\\jest\\sesion1\\compact.js": {"path":"D:\\proyectos\\bedu\\jest\\sesion1\\compact.js","statementMap":{"0":{"start":{"line":1,"column":23},"end":{"line":6,"column":1}},"1":{"start":{"line":2,"column":4},"end":{"line":2,"column":60}},"2":{"start":{"line":2,"column":23},"end":{"line":2,"column":60}},"3":{"start":{"line":3,"column":4},"end":{"line":5,"column":6}},"4":{"start":{"line":4,"column":8},"end":{"line":4,"column":23}}},"fnMap":{"0":{"name":"(anonymous_0)","decl":{"start":{"line":1,"column":23},"end":{"line":1,"column":24}},"loc":{"start":{"line":1,"column":34},"end":{"line":6,"column":1}},"line":1},"1":{"name":"(anonymous_1)","decl":{"start":{"line":3,"column":24},"end":{"line":3,"column":25}},"loc":{"start":{"line":3,"column":35},"end":{"line":5,"column":5}},"line":3}},"branchMap":{"0":{"loc":{"start":{"line":2,"column":4},"end":{"line":2,"column":60}},"type":"if","locations":[{"start":{"line":2,"column":4},"end":{"line":2,"column":60}},{"start":{},"end":{}}],"line":2}},"s":{"0":1,"1":2,"2":1,"3":1,"4":5},"f":{"0":2,"1":5},"b":{"0":[1,1]},"_coverageSchema":"1a1c01bbd47fc00a2c39e90264f33305004495a9","hash":"7e34f92f1cd998f2d3d3bf2260471929f3603703"}
,"D:\\proyectos\\bedu\\jest\\sesion1\\operators.js": {"path":"D:\\proyectos\\bedu\\jest\\sesion1\\operators.js","statementMap":{"0":{"start":{"line":1,"column":19},"end":{"line":1,"column":33}},"1":{"start":{"line":1,"column":28},"end":{"line":1,"column":33}},"2":{"start":{"line":2,"column":24},"end":{"line":2,"column":36}},"3":{"start":{"line":2,"column":33},"end":{"line":2,"column":36}},"4":{"start":{"line":3,"column":19},"end":{"line":3,"column":31}},"5":{"start":{"line":3,"column":28},"end":{"line":3,"column":31}},"6":{"start":{"line":4,"column":22},"end":{"line":4,"column":36}},"7":{"start":{"line":4,"column":31},"end":{"line":4,"column":36}}},"fnMap":{"0":{"name":"(anonymous_0)","decl":{"start":{"line":1,"column":19},"end":{"line":1,"column":20}},"loc":{"start":{"line":1,"column":28},"end":{"line":1,"column":33}},"line":1},"1":{"name":"(anonymous_1)","decl":{"start":{"line":2,"column":24},"end":{"line":2,"column":25}},"loc":{"start":{"line":2,"column":33},"end":{"line":2,"column":36}},"line":2},"2":{"name":"(anonymous_2)","decl":{"start":{"line":3,"column":19},"end":{"line":3,"column":20}},"loc":{"start":{"line":3,"column":28},"end":{"line":3,"column":31}},"line":3},"3":{"name":"(anonymous_3)","decl":{"start":{"line":4,"column":22},"end":{"line":4,"column":23}},"loc":{"start":{"line":4,"column":31},"end":{"line":4,"column":36}},"line":4}},"branchMap":{},"s":{"0":1,"1":2,"2":1,"3":1,"4":1,"5":1,"6":1,"7":1},"f":{"0":2,"1":1,"2":1,"3":1},"b":{},"_coverageSchema":"1a1c01bbd47fc00a2c39e90264f33305004495a9","hash":"2c905b80ba0163e18a6de5254cf64e5710769774"}
}
